{"/Users/mabeloza/Wallets/WF_Custodial_Services/wallet_app/packages/backend/src/app.module.ts": {"path":"/Users/mabeloza/Wallets/WF_Custodial_Services/wallet_app/packages/backend/src/app.module.ts","statementMap":{"0":{"start":{"line":1,"column":0},"end":{"line":1,"column":40}},"1":{"start":{"line":2,"column":0},"end":{"line":2,"column":46}},"2":{"start":{"line":3,"column":0},"end":{"line":3,"column":41}},"3":{"start":{"line":6,"column":0},"end":{"line":6,"column":78}},"4":{"start":{"line":7,"column":0},"end":{"line":7,"column":74}},"5":{"start":{"line":8,"column":0},"end":{"line":8,"column":75}},"6":{"start":{"line":11,"column":0},"end":{"line":11,"column":82}},"7":{"start":{"line":12,"column":0},"end":{"line":12,"column":86}},"8":{"start":{"line":13,"column":0},"end":{"line":13,"column":83}},"9":{"start":{"line":14,"column":0},"end":{"line":14,"column":88}},"10":{"start":{"line":15,"column":0},"end":{"line":15,"column":85}},"11":{"start":{"line":16,"column":0},"end":{"line":16,"column":84}},"12":{"start":{"line":17,"column":0},"end":{"line":17,"column":96}},"13":{"start":{"line":18,"column":0},"end":{"line":18,"column":93}},"14":{"start":{"line":19,"column":0},"end":{"line":19,"column":92}},"15":{"start":{"line":41,"column":0},"end":{"line":41,"column":null}},"16":{"start":{"line":41,"column":13},"end":{"line":41,"column":null}},"17":{"start":{"line":41,"column":13},"end":{"line":41,"column":22}}},"fnMap":{},"branchMap":{},"s":{"0":0,"1":0,"2":0,"3":0,"4":0,"5":0,"6":0,"7":0,"8":0,"9":0,"10":0,"11":0,"12":0,"13":0,"14":0,"15":0,"16":0,"17":0},"f":{},"b":{}}
,"/Users/mabeloza/Wallets/WF_Custodial_Services/wallet_app/packages/backend/src/main.ts": {"path":"/Users/mabeloza/Wallets/WF_Custodial_Services/wallet_app/packages/backend/src/main.ts","statementMap":{"0":{"start":{"line":1,"column":0},"end":{"line":1,"column":43}},"1":{"start":{"line":2,"column":0},"end":{"line":2,"column":65}},"2":{"start":{"line":3,"column":0},"end":{"line":3,"column":41}},"3":{"start":{"line":4,"column":0},"end":{"line":4,"column":40}},"4":{"start":{"line":7,"column":14},"end":{"line":7,"column":49}},"5":{"start":{"line":8,"column":17},"end":{"line":8,"column":34}},"6":{"start":{"line":10,"column":17},"end":{"line":15,"column":14}},"7":{"start":{"line":16,"column":19},"end":{"line":16,"column":60}},"8":{"start":{"line":17,"column":2},"end":{"line":17,"column":49}},"9":{"start":{"line":20,"column":2},"end":{"line":20,"column":19}},"10":{"start":{"line":22,"column":15},"end":{"line":22,"column":39}},"11":{"start":{"line":24,"column":2},"end":{"line":26,"column":5}},"12":{"start":{"line":25,"column":4},"end":{"line":25,"column":null}},"13":{"start":{"line":28,"column":0},"end":{"line":28,"column":12}}},"fnMap":{"0":{"name":"bootstrap","decl":{"start":{"line":6,"column":15},"end":{"line":6,"column":24}},"loc":{"start":{"line":6,"column":24},"end":{"line":27,"column":1}}},"1":{"name":"(anonymous_1)","decl":{"start":{"line":24,"column":25},"end":{"line":24,"column":28}},"loc":{"start":{"line":24,"column":30},"end":{"line":26,"column":3}}}},"branchMap":{"0":{"loc":{"start":{"line":22,"column":15},"end":{"line":22,"column":39}},"type":"binary-expr","locations":[{"start":{"line":22,"column":15},"end":{"line":22,"column":31}},{"start":{"line":22,"column":35},"end":{"line":22,"column":39}}]}},"s":{"0":0,"1":0,"2":0,"3":0,"4":0,"5":0,"6":0,"7":0,"8":0,"9":0,"10":0,"11":0,"12":0,"13":0},"f":{"0":0,"1":0},"b":{"0":[0,0]}}
,"/Users/mabeloza/Wallets/WF_Custodial_Services/wallet_app/packages/backend/src/controller/accounts/bitgo/account.controller.ts": {"path":"/Users/mabeloza/Wallets/WF_Custodial_Services/wallet_app/packages/backend/src/controller/accounts/bitgo/account.controller.ts","statementMap":{"0":{"start":{"line":1,"column":0},"end":{"line":1,"column":74}},"1":{"start":{"line":2,"column":0},"end":{"line":2,"column":32}},"2":{"start":{"line":3,"column":0},"end":{"line":3,"column":54}},"3":{"start":{"line":8,"column":0},"end":{"line":8,"column":85}},"4":{"start":{"line":11,"column":0},"end":{"line":21,"column":null}},"5":{"start":{"line":12,"column":33},"end":{"line":12,"column":45}},"6":{"start":{"line":18,"column":8},"end":{"line":18,"column":46}},"7":{"start":{"line":17,"column":4},"end":{"line":19,"column":null}},"8":{"start":{"line":11,"column":13},"end":{"line":21,"column":null}},"9":{"start":{"line":11,"column":13},"end":{"line":11,"column":35}}},"fnMap":{"0":{"name":"(anonymous_2)","decl":{"start":{"line":12,"column":4},"end":{"line":12,"column":33}},"loc":{"start":{"line":12,"column":64},"end":{"line":12,"column":68}}},"1":{"name":"(anonymous_3)","decl":{"start":{"line":17,"column":4},"end":{"line":17,"column":16}},"loc":{"start":{"line":17,"column":16},"end":{"line":19,"column":5}}}},"branchMap":{},"s":{"0":0,"1":0,"2":0,"3":0,"4":0,"5":0,"6":0,"7":0,"8":0,"9":0},"f":{"0":0,"1":0},"b":{}}
,"/Users/mabeloza/Wallets/WF_Custodial_Services/wallet_app/packages/backend/src/controller/accounts/fireblocks/account.controller.ts": {"path":"/Users/mabeloza/Wallets/WF_Custodial_Services/wallet_app/packages/backend/src/controller/accounts/fireblocks/account.controller.ts","statementMap":{"0":{"start":{"line":1,"column":0},"end":{"line":1,"column":74}},"1":{"start":{"line":2,"column":0},"end":{"line":2,"column":97}},"2":{"start":{"line":3,"column":0},"end":{"line":3,"column":51}},"3":{"start":{"line":7,"column":0},"end":{"line":21,"column":null}},"4":{"start":{"line":8,"column":31},"end":{"line":8,"column":43}},"5":{"start":{"line":12,"column":4},"end":{"line":12,"column":38}},"6":{"start":{"line":17,"column":4},"end":{"line":17,"column":48}},"7":{"start":{"line":11,"column":2},"end":{"line":13,"column":null}},"8":{"start":{"line":16,"column":2},"end":{"line":18,"column":null}},"9":{"start":{"line":7,"column":13},"end":{"line":21,"column":null}},"10":{"start":{"line":7,"column":13},"end":{"line":7,"column":40}}},"fnMap":{"0":{"name":"(anonymous_2)","decl":{"start":{"line":8,"column":2},"end":{"line":8,"column":31}},"loc":{"start":{"line":8,"column":67},"end":{"line":8,"column":71}}},"1":{"name":"(anonymous_3)","decl":{"start":{"line":11,"column":2},"end":{"line":11,"column":10}},"loc":{"start":{"line":11,"column":10},"end":{"line":13,"column":3}}},"2":{"name":"(anonymous_4)","decl":{"start":{"line":16,"column":2},"end":{"line":16,"column":20}},"loc":{"start":{"line":16,"column":20},"end":{"line":18,"column":3}}}},"branchMap":{},"s":{"0":0,"1":0,"2":0,"3":0,"4":0,"5":0,"6":0,"7":0,"8":0,"9":0,"10":0},"f":{"0":0,"1":0,"2":0},"b":{}}
,"/Users/mabeloza/Wallets/WF_Custodial_Services/wallet_app/packages/backend/src/controller/transactions/bitgo/txn.controller.ts": {"path":"/Users/mabeloza/Wallets/WF_Custodial_Services/wallet_app/packages/backend/src/controller/transactions/bitgo/txn.controller.ts","statementMap":{"0":{"start":{"line":1,"column":0},"end":{"line":1,"column":74}},"1":{"start":{"line":2,"column":0},"end":{"line":2,"column":32}},"2":{"start":{"line":3,"column":0},"end":{"line":3,"column":54}},"3":{"start":{"line":5,"column":0},"end":{"line":5,"column":39}},"4":{"start":{"line":8,"column":0},"end":{"line":8,"column":81}},"5":{"start":{"line":12,"column":0},"end":{"line":38,"column":null}},"6":{"start":{"line":13,"column":31},"end":{"line":13,"column":43}},"7":{"start":{"line":19,"column":4},"end":{"line":19,"column":33}},"8":{"start":{"line":27,"column":4},"end":{"line":27,"column":57}},"9":{"start":{"line":35,"column":8},"end":{"line":35,"column":67}},"10":{"start":{"line":16,"column":2},"end":{"line":20,"column":null}},"11":{"start":{"line":23,"column":2},"end":{"line":28,"column":null}},"12":{"start":{"line":31,"column":2},"end":{"line":36,"column":null}},"13":{"start":{"line":12,"column":13},"end":{"line":38,"column":null}},"14":{"start":{"line":12,"column":13},"end":{"line":12,"column":31}}},"fnMap":{"0":{"name":"(anonymous_4)","decl":{"start":{"line":13,"column":2},"end":{"line":13,"column":31}},"loc":{"start":{"line":13,"column":58},"end":{"line":13,"column":62}}},"1":{"name":"(anonymous_5)","decl":{"start":{"line":16,"column":2},"end":{"line":16,"column":9}},"loc":{"start":{"line":17,"column":23},"end":{"line":20,"column":3}}},"2":{"name":"(anonymous_6)","decl":{"start":{"line":23,"column":2},"end":{"line":23,"column":15}},"loc":{"start":{"line":25,"column":41},"end":{"line":28,"column":3}}},"3":{"name":"(anonymous_7)","decl":{"start":{"line":31,"column":2},"end":{"line":31,"column":21}},"loc":{"start":{"line":33,"column":43},"end":{"line":36,"column":5}}}},"branchMap":{},"s":{"0":0,"1":0,"2":0,"3":0,"4":0,"5":0,"6":0,"7":0,"8":0,"9":0,"10":0,"11":0,"12":0,"13":0,"14":0},"f":{"0":0,"1":0,"2":0,"3":0},"b":{}}
,"/Users/mabeloza/Wallets/WF_Custodial_Services/wallet_app/packages/backend/src/controller/transactions/fireblocks/txn.controller.ts": {"path":"/Users/mabeloza/Wallets/WF_Custodial_Services/wallet_app/packages/backend/src/controller/transactions/fireblocks/txn.controller.ts","statementMap":{"0":{"start":{"line":1,"column":0},"end":{"line":1,"column":74}},"1":{"start":{"line":2,"column":0},"end":{"line":2,"column":93}},"2":{"start":{"line":3,"column":0},"end":{"line":3,"column":40}},"3":{"start":{"line":4,"column":0},"end":{"line":4,"column":64}},"4":{"start":{"line":5,"column":0},"end":{"line":5,"column":50}},"5":{"start":{"line":6,"column":0},"end":{"line":6,"column":71}},"6":{"start":{"line":10,"column":0},"end":{"line":66,"column":null}},"7":{"start":{"line":11,"column":31},"end":{"line":11,"column":43}},"8":{"start":{"line":21,"column":4},"end":{"line":21,"column":54}},"9":{"start":{"line":32,"column":4},"end":{"line":32,"column":58}},"10":{"start":{"line":39,"column":8},"end":{"line":39,"column":52}},"11":{"start":{"line":40,"column":8},"end":{"line":40,"column":93}},"12":{"start":{"line":48,"column":8},"end":{"line":48,"column":49}},"13":{"start":{"line":56,"column":8},"end":{"line":56,"column":75}},"14":{"start":{"line":61,"column":4},"end":{"line":61,"column":48}},"15":{"start":{"line":18,"column":2},"end":{"line":22,"column":null}},"16":{"start":{"line":29,"column":2},"end":{"line":33,"column":null}},"17":{"start":{"line":36,"column":4},"end":{"line":41,"column":null}},"18":{"start":{"line":45,"column":2},"end":{"line":49,"column":null}},"19":{"start":{"line":53,"column":4},"end":{"line":57,"column":null}},"20":{"start":{"line":60,"column":2},"end":{"line":62,"column":null}},"21":{"start":{"line":10,"column":13},"end":{"line":66,"column":null}},"22":{"start":{"line":10,"column":13},"end":{"line":10,"column":36}}},"fnMap":{"0":{"name":"(anonymous_4)","decl":{"start":{"line":11,"column":2},"end":{"line":11,"column":31}},"loc":{"start":{"line":11,"column":63},"end":{"line":11,"column":67}}},"1":{"name":"(anonymous_5)","decl":{"start":{"line":18,"column":2},"end":{"line":18,"column":7}},"loc":{"start":{"line":19,"column":22},"end":{"line":22,"column":3}}},"2":{"name":"(anonymous_6)","decl":{"start":{"line":29,"column":2},"end":{"line":29,"column":7}},"loc":{"start":{"line":30,"column":22},"end":{"line":33,"column":3}}},"3":{"name":"(anonymous_7)","decl":{"start":{"line":36,"column":4},"end":{"line":36,"column":9}},"loc":{"start":{"line":37,"column":44},"end":{"line":41,"column":3}}},"4":{"name":"(anonymous_8)","decl":{"start":{"line":45,"column":2},"end":{"line":45,"column":8}},"loc":{"start":{"line":46,"column":35},"end":{"line":49,"column":3}}},"5":{"name":"(anonymous_9)","decl":{"start":{"line":53,"column":4},"end":{"line":53,"column":9}},"loc":{"start":{"line":54,"column":38},"end":{"line":57,"column":5}}},"6":{"name":"(anonymous_10)","decl":{"start":{"line":60,"column":2},"end":{"line":60,"column":7}},"loc":{"start":{"line":60,"column":26},"end":{"line":62,"column":3}}}},"branchMap":{},"s":{"0":0,"1":0,"2":0,"3":0,"4":0,"5":0,"6":0,"7":0,"8":0,"9":0,"10":0,"11":0,"12":0,"13":0,"14":0,"15":0,"16":0,"17":0,"18":0,"19":0,"20":0,"21":0,"22":0},"f":{"0":0,"1":0,"2":0,"3":0,"4":0,"5":0,"6":0},"b":{}}
,"/Users/mabeloza/Wallets/WF_Custodial_Services/wallet_app/packages/backend/src/controller/wallets/bitgo/wallet.controller.ts": {"path":"/Users/mabeloza/Wallets/WF_Custodial_Services/wallet_app/packages/backend/src/controller/wallets/bitgo/wallet.controller.ts","statementMap":{"0":{"start":{"line":1,"column":0},"end":{"line":1,"column":74}},"1":{"start":{"line":2,"column":0},"end":{"line":2,"column":32}},"2":{"start":{"line":3,"column":0},"end":{"line":3,"column":54}},"3":{"start":{"line":4,"column":0},"end":{"line":4,"column":58}},"4":{"start":{"line":7,"column":0},"end":{"line":7,"column":55}},"5":{"start":{"line":8,"column":0},"end":{"line":8,"column":82}},"6":{"start":{"line":12,"column":0},"end":{"line":62,"column":null}},"7":{"start":{"line":13,"column":31},"end":{"line":13,"column":43}},"8":{"start":{"line":19,"column":4},"end":{"line":19,"column":47}},"9":{"start":{"line":27,"column":4},"end":{"line":35,"column":11}},"10":{"start":{"line":29,"column":12},"end":{"line":29,"column":27}},"11":{"start":{"line":30,"column":12},"end":{"line":30,"column":21}},"12":{"start":{"line":33,"column":12},"end":{"line":33,"column":27}},"13":{"start":{"line":34,"column":12},"end":{"line":34,"column":21}},"14":{"start":{"line":43,"column":4},"end":{"line":43,"column":60}},"15":{"start":{"line":50,"column":4},"end":{"line":50,"column":null}},"16":{"start":{"line":59,"column":4},"end":{"line":59,"column":58}},"17":{"start":{"line":16,"column":2},"end":{"line":20,"column":null}},"18":{"start":{"line":23,"column":2},"end":{"line":36,"column":null}},"19":{"start":{"line":39,"column":2},"end":{"line":44,"column":null}},"20":{"start":{"line":47,"column":2},"end":{"line":51,"column":null}},"21":{"start":{"line":54,"column":2},"end":{"line":60,"column":null}},"22":{"start":{"line":12,"column":13},"end":{"line":62,"column":null}},"23":{"start":{"line":12,"column":13},"end":{"line":12,"column":34}}},"fnMap":{"0":{"name":"(anonymous_4)","decl":{"start":{"line":13,"column":2},"end":{"line":13,"column":31}},"loc":{"start":{"line":13,"column":61},"end":{"line":13,"column":65}}},"1":{"name":"(anonymous_5)","decl":{"start":{"line":16,"column":2},"end":{"line":16,"column":15}},"loc":{"start":{"line":17,"column":33},"end":{"line":20,"column":3}}},"2":{"name":"(anonymous_6)","decl":{"start":{"line":23,"column":2},"end":{"line":23,"column":14}},"loc":{"start":{"line":25,"column":41},"end":{"line":36,"column":3}}},"3":{"name":"(anonymous_7)","decl":{"start":{"line":28,"column":14},"end":{"line":28,"column":15}},"loc":{"start":{"line":28,"column":18},"end":{"line":31,"column":8}}},"4":{"name":"(anonymous_8)","decl":{"start":{"line":32,"column":15},"end":{"line":32,"column":16}},"loc":{"start":{"line":32,"column":19},"end":{"line":35,"column":9}}},"5":{"name":"(anonymous_9)","decl":{"start":{"line":39,"column":2},"end":{"line":39,"column":7}},"loc":{"start":{"line":41,"column":33},"end":{"line":44,"column":3}}},"6":{"name":"(anonymous_10)","decl":{"start":{"line":47,"column":2},"end":{"line":47,"column":13}},"loc":{"start":{"line":48,"column":39},"end":{"line":51,"column":3}}},"7":{"name":"(anonymous_11)","decl":{"start":{"line":54,"column":2},"end":{"line":54,"column":16}},"loc":{"start":{"line":56,"column":41},"end":{"line":60,"column":3}}}},"branchMap":{},"s":{"0":0,"1":0,"2":0,"3":0,"4":0,"5":0,"6":0,"7":0,"8":0,"9":0,"10":0,"11":0,"12":0,"13":0,"14":0,"15":0,"16":0,"17":0,"18":0,"19":0,"20":0,"21":0,"22":0,"23":0},"f":{"0":0,"1":0,"2":0,"3":0,"4":0,"5":0,"6":0,"7":0},"b":{}}
,"/Users/mabeloza/Wallets/WF_Custodial_Services/wallet_app/packages/backend/src/controller/wallets/fireblocks/wallet.controller.ts": {"path":"/Users/mabeloza/Wallets/WF_Custodial_Services/wallet_app/packages/backend/src/controller/wallets/fireblocks/wallet.controller.ts","statementMap":{"0":{"start":{"line":1,"column":0},"end":{"line":1,"column":74}},"1":{"start":{"line":2,"column":0},"end":{"line":2,"column":40}},"2":{"start":{"line":3,"column":0},"end":{"line":3,"column":64}},"3":{"start":{"line":4,"column":0},"end":{"line":4,"column":78}},"4":{"start":{"line":7,"column":0},"end":{"line":7,"column":81}},"5":{"start":{"line":9,"column":0},"end":{"line":9,"column":92}},"6":{"start":{"line":13,"column":0},"end":{"line":103,"column":null}},"7":{"start":{"line":14,"column":31},"end":{"line":14,"column":43}},"8":{"start":{"line":22,"column":26},"end":{"line":22,"column":115}},"9":{"start":{"line":24,"column":15},"end":{"line":24,"column":86}},"10":{"start":{"line":26,"column":22},"end":{"line":26,"column":101}},"11":{"start":{"line":28,"column":4},"end":{"line":28,"column":38}},"12":{"start":{"line":30,"column":4},"end":{"line":30,"column":21}},"13":{"start":{"line":41,"column":26},"end":{"line":41,"column":115}},"14":{"start":{"line":42,"column":4},"end":{"line":42,"column":65}},"15":{"start":{"line":52,"column":4},"end":{"line":58,"column":11}},"16":{"start":{"line":54,"column":10},"end":{"line":54,"column":36}},"17":{"start":{"line":57,"column":10},"end":{"line":57,"column":27}},"18":{"start":{"line":69,"column":4},"end":{"line":69,"column":64}},"19":{"start":{"line":74,"column":4},"end":{"line":74,"column":51}},"20":{"start":{"line":79,"column":4},"end":{"line":79,"column":48}},"21":{"start":{"line":86,"column":4},"end":{"line":86,"column":69}},"22":{"start":{"line":93,"column":8},"end":{"line":93,"column":62}},"23":{"start":{"line":100,"column":8},"end":{"line":100,"column":75}},"24":{"start":{"line":18,"column":2},"end":{"line":31,"column":null}},"25":{"start":{"line":38,"column":2},"end":{"line":43,"column":null}},"26":{"start":{"line":50,"column":2},"end":{"line":59,"column":null}},"27":{"start":{"line":66,"column":2},"end":{"line":70,"column":null}},"28":{"start":{"line":73,"column":2},"end":{"line":75,"column":null}},"29":{"start":{"line":78,"column":2},"end":{"line":80,"column":null}},"30":{"start":{"line":83,"column":2},"end":{"line":87,"column":null}},"31":{"start":{"line":90,"column":4},"end":{"line":94,"column":null}},"32":{"start":{"line":97,"column":4},"end":{"line":101,"column":null}},"33":{"start":{"line":13,"column":13},"end":{"line":103,"column":null}},"34":{"start":{"line":13,"column":13},"end":{"line":13,"column":39}}},"fnMap":{"0":{"name":"(anonymous_4)","decl":{"start":{"line":14,"column":2},"end":{"line":14,"column":31}},"loc":{"start":{"line":14,"column":66},"end":{"line":14,"column":70}}},"1":{"name":"(anonymous_5)","decl":{"start":{"line":18,"column":2},"end":{"line":18,"column":7}},"loc":{"start":{"line":19,"column":52},"end":{"line":31,"column":3}}},"2":{"name":"(anonymous_6)","decl":{"start":{"line":38,"column":2},"end":{"line":38,"column":7}},"loc":{"start":{"line":39,"column":44},"end":{"line":43,"column":3}}},"3":{"name":"(anonymous_7)","decl":{"start":{"line":50,"column":2},"end":{"line":50,"column":7}},"loc":{"start":{"line":51,"column":36},"end":{"line":59,"column":3}}},"4":{"name":"(anonymous_8)","decl":{"start":{"line":53,"column":14},"end":{"line":53,"column":15}},"loc":{"start":{"line":53,"column":23},"end":{"line":55,"column":9}}},"5":{"name":"(anonymous_9)","decl":{"start":{"line":56,"column":15},"end":{"line":56,"column":16}},"loc":{"start":{"line":56,"column":23},"end":{"line":58,"column":9}}},"6":{"name":"(anonymous_10)","decl":{"start":{"line":66,"column":2},"end":{"line":66,"column":18}},"loc":{"start":{"line":67,"column":52},"end":{"line":70,"column":3}}},"7":{"name":"(anonymous_11)","decl":{"start":{"line":73,"column":2},"end":{"line":73,"column":23}},"loc":{"start":{"line":73,"column":23},"end":{"line":75,"column":3}}},"8":{"name":"(anonymous_12)","decl":{"start":{"line":78,"column":2},"end":{"line":78,"column":20}},"loc":{"start":{"line":78,"column":20},"end":{"line":80,"column":3}}},"9":{"name":"(anonymous_13)","decl":{"start":{"line":83,"column":2},"end":{"line":83,"column":33}},"loc":{"start":{"line":84,"column":41},"end":{"line":87,"column":3}}},"10":{"name":"(anonymous_14)","decl":{"start":{"line":90,"column":4},"end":{"line":90,"column":9}},"loc":{"start":{"line":91,"column":45},"end":{"line":94,"column":5}}},"11":{"name":"(anonymous_15)","decl":{"start":{"line":97,"column":4},"end":{"line":97,"column":9}},"loc":{"start":{"line":98,"column":38},"end":{"line":101,"column":5}}}},"branchMap":{},"s":{"0":0,"1":0,"2":0,"3":0,"4":0,"5":0,"6":0,"7":0,"8":0,"9":0,"10":0,"11":0,"12":0,"13":0,"14":0,"15":0,"16":0,"17":0,"18":0,"19":0,"20":0,"21":0,"22":0,"23":0,"24":0,"25":0,"26":0,"27":0,"28":0,"29":0,"30":0,"31":0,"32":0,"33":0,"34":0},"f":{"0":0,"1":0,"2":0,"3":0,"4":0,"5":0,"6":0,"7":0,"8":0,"9":0,"10":0,"11":0},"b":{}}
,"/Users/mabeloza/Wallets/WF_Custodial_Services/wallet_app/packages/backend/src/model/Auth.ts": {"path":"/Users/mabeloza/Wallets/WF_Custodial_Services/wallet_app/packages/backend/src/model/Auth.ts","statementMap":{"0":{"start":{"line":1,"column":0},"end":{"line":1,"column":46}},"1":{"start":{"line":5,"column":4},"end":{"line":5,"column":null}},"2":{"start":{"line":8,"column":4},"end":{"line":8,"column":null}},"3":{"start":{"line":3,"column":0},"end":{"line":3,"column":13}}},"fnMap":{},"branchMap":{},"s":{"0":0,"1":0,"2":0,"3":0},"f":{},"b":{}}
,"/Users/mabeloza/Wallets/WF_Custodial_Services/wallet_app/packages/backend/src/model/BackupKey.ts": {"path":"/Users/mabeloza/Wallets/WF_Custodial_Services/wallet_app/packages/backend/src/model/BackupKey.ts","statementMap":{"0":{"start":{"line":1,"column":0},"end":{"line":1,"column":46}},"1":{"start":{"line":12,"column":8},"end":{"line":12,"column":29}},"2":{"start":{"line":13,"column":8},"end":{"line":13,"column":31}},"3":{"start":{"line":6,"column":4},"end":{"line":6,"column":null}},"4":{"start":{"line":9,"column":4},"end":{"line":9,"column":null}},"5":{"start":{"line":3,"column":0},"end":{"line":3,"column":13}}},"fnMap":{"0":{"name":"(anonymous_2)","decl":{"start":{"line":11,"column":4},"end":{"line":11,"column":16}},"loc":{"start":{"line":11,"column":47},"end":{"line":14,"column":5}}}},"branchMap":{},"s":{"0":1,"1":0,"2":0,"3":1,"4":1,"5":1},"f":{"0":0},"b":{}}
,"/Users/mabeloza/Wallets/WF_Custodial_Services/wallet_app/packages/backend/src/model/NewWallet.ts": {"path":"/Users/mabeloza/Wallets/WF_Custodial_Services/wallet_app/packages/backend/src/model/NewWallet.ts","statementMap":{"0":{"start":{"line":1,"column":0},"end":{"line":1,"column":46}},"1":{"start":{"line":21,"column":8},"end":{"line":21,"column":33}},"2":{"start":{"line":22,"column":8},"end":{"line":22,"column":45}},"3":{"start":{"line":23,"column":8},"end":{"line":23,"column":null}},"4":{"start":{"line":24,"column":8},"end":{"line":24,"column":53}},"5":{"start":{"line":25,"column":8},"end":{"line":25,"column":39}},"6":{"start":{"line":6,"column":4},"end":{"line":6,"column":null}},"7":{"start":{"line":9,"column":4},"end":{"line":9,"column":null}},"8":{"start":{"line":12,"column":4},"end":{"line":12,"column":null}},"9":{"start":{"line":15,"column":4},"end":{"line":15,"column":null}},"10":{"start":{"line":18,"column":4},"end":{"line":18,"column":null}},"11":{"start":{"line":3,"column":0},"end":{"line":3,"column":13}}},"fnMap":{"0":{"name":"(anonymous_2)","decl":{"start":{"line":20,"column":4},"end":{"line":20,"column":16}},"loc":{"start":{"line":20,"column":96},"end":{"line":26,"column":5}}}},"branchMap":{},"s":{"0":1,"1":0,"2":0,"3":0,"4":0,"5":0,"6":1,"7":1,"8":1,"9":1,"10":1,"11":1},"f":{"0":0},"b":{}}
,"/Users/mabeloza/Wallets/WF_Custodial_Services/wallet_app/packages/backend/src/model/TXN.ts": {"path":"/Users/mabeloza/Wallets/WF_Custodial_Services/wallet_app/packages/backend/src/model/TXN.ts","statementMap":{"0":{"start":{"line":1,"column":0},"end":{"line":1,"column":46}},"1":{"start":{"line":5,"column":4},"end":{"line":5,"column":null}},"2":{"start":{"line":8,"column":4},"end":{"line":8,"column":null}},"3":{"start":{"line":11,"column":4},"end":{"line":11,"column":null}},"4":{"start":{"line":14,"column":4},"end":{"line":14,"column":null}},"5":{"start":{"line":17,"column":4},"end":{"line":17,"column":null}},"6":{"start":{"line":3,"column":0},"end":{"line":3,"column":13}}},"fnMap":{},"branchMap":{},"s":{"0":0,"1":0,"2":0,"3":0,"4":0,"5":0,"6":0},"f":{},"b":{}}
,"/Users/mabeloza/Wallets/WF_Custodial_Services/wallet_app/packages/backend/src/model/WalletParams.ts": {"path":"/Users/mabeloza/Wallets/WF_Custodial_Services/wallet_app/packages/backend/src/model/WalletParams.ts","statementMap":{"0":{"start":{"line":1,"column":0},"end":{"line":1,"column":46}},"1":{"start":{"line":5,"column":4},"end":{"line":5,"column":null}},"2":{"start":{"line":8,"column":4},"end":{"line":8,"column":null}},"3":{"start":{"line":3,"column":0},"end":{"line":3,"column":13}}},"fnMap":{},"branchMap":{},"s":{"0":0,"1":0,"2":0,"3":0},"f":{},"b":{}}
,"/Users/mabeloza/Wallets/WF_Custodial_Services/wallet_app/packages/backend/src/model/WalletShare.ts": {"path":"/Users/mabeloza/Wallets/WF_Custodial_Services/wallet_app/packages/backend/src/model/WalletShare.ts","statementMap":{"0":{"start":{"line":1,"column":0},"end":{"line":1,"column":46}},"1":{"start":{"line":5,"column":4},"end":{"line":5,"column":null}},"2":{"start":{"line":8,"column":4},"end":{"line":8,"column":null}},"3":{"start":{"line":11,"column":4},"end":{"line":11,"column":null}},"4":{"start":{"line":14,"column":4},"end":{"line":14,"column":null}},"5":{"start":{"line":17,"column":4},"end":{"line":17,"column":null}},"6":{"start":{"line":3,"column":0},"end":{"line":3,"column":13}}},"fnMap":{},"branchMap":{},"s":{"0":0,"1":0,"2":0,"3":0,"4":0,"5":0,"6":0},"f":{},"b":{}}
,"/Users/mabeloza/Wallets/WF_Custodial_Services/wallet_app/packages/backend/src/model/fireblocks/NewWallet.ts": {"path":"/Users/mabeloza/Wallets/WF_Custodial_Services/wallet_app/packages/backend/src/model/fireblocks/NewWallet.ts","statementMap":{"0":{"start":{"line":1,"column":0},"end":{"line":1,"column":46}},"1":{"start":{"line":18,"column":8},"end":{"line":18,"column":21}},"2":{"start":{"line":19,"column":8},"end":{"line":19,"column":31}},"3":{"start":{"line":20,"column":8},"end":{"line":20,"column":null}},"4":{"start":{"line":21,"column":8},"end":{"line":21,"column":23}},"5":{"start":{"line":6,"column":4},"end":{"line":6,"column":null}},"6":{"start":{"line":9,"column":4},"end":{"line":9,"column":null}},"7":{"start":{"line":12,"column":4},"end":{"line":12,"column":null}},"8":{"start":{"line":15,"column":4},"end":{"line":15,"column":null}},"9":{"start":{"line":3,"column":0},"end":{"line":3,"column":13}}},"fnMap":{"0":{"name":"(anonymous_2)","decl":{"start":{"line":17,"column":4},"end":{"line":17,"column":16}},"loc":{"start":{"line":17,"column":47},"end":{"line":22,"column":5}}}},"branchMap":{},"s":{"0":0,"1":0,"2":0,"3":0,"4":0,"5":0,"6":0,"7":0,"8":0,"9":0},"f":{"0":0},"b":{}}
,"/Users/mabeloza/Wallets/WF_Custodial_Services/wallet_app/packages/backend/src/model/fireblocks/Txn.ts": {"path":"/Users/mabeloza/Wallets/WF_Custodial_Services/wallet_app/packages/backend/src/model/fireblocks/Txn.ts","statementMap":{"0":{"start":{"line":1,"column":0},"end":{"line":1,"column":46}},"1":{"start":{"line":24,"column":8},"end":{"line":24,"column":27}},"2":{"start":{"line":25,"column":8},"end":{"line":25,"column":29}},"3":{"start":{"line":26,"column":8},"end":{"line":26,"column":null}},"4":{"start":{"line":27,"column":8},"end":{"line":27,"column":null}},"5":{"start":{"line":28,"column":8},"end":{"line":28,"column":25}},"6":{"start":{"line":6,"column":4},"end":{"line":6,"column":null}},"7":{"start":{"line":9,"column":4},"end":{"line":9,"column":null}},"8":{"start":{"line":12,"column":4},"end":{"line":12,"column":null}},"9":{"start":{"line":15,"column":4},"end":{"line":15,"column":null}},"10":{"start":{"line":18,"column":4},"end":{"line":18,"column":null}},"11":{"start":{"line":21,"column":4},"end":{"line":21,"column":null}},"12":{"start":{"line":3,"column":0},"end":{"line":3,"column":13}}},"fnMap":{"0":{"name":"(anonymous_2)","decl":{"start":{"line":23,"column":4},"end":{"line":23,"column":16}},"loc":{"start":{"line":23,"column":46},"end":{"line":29,"column":5}}}},"branchMap":{},"s":{"0":0,"1":0,"2":0,"3":0,"4":0,"5":0,"6":0,"7":0,"8":0,"9":0,"10":0,"11":0,"12":0},"f":{"0":0},"b":{}}
,"/Users/mabeloza/Wallets/WF_Custodial_Services/wallet_app/packages/backend/src/model/fireblocks/VaultAccountFilter.ts": {"path":"/Users/mabeloza/Wallets/WF_Custodial_Services/wallet_app/packages/backend/src/model/fireblocks/VaultAccountFilter.ts","statementMap":{"0":{"start":{"line":1,"column":0},"end":{"line":1,"column":46}},"1":{"start":{"line":19,"column":8},"end":{"line":19,"column":37}},"2":{"start":{"line":20,"column":8},"end":{"line":20,"column":37}},"3":{"start":{"line":21,"column":8},"end":{"line":21,"column":null}},"4":{"start":{"line":22,"column":8},"end":{"line":22,"column":null}},"5":{"start":{"line":6,"column":4},"end":{"line":6,"column":null}},"6":{"start":{"line":9,"column":4},"end":{"line":9,"column":null}},"7":{"start":{"line":12,"column":4},"end":{"line":12,"column":null}},"8":{"start":{"line":15,"column":4},"end":{"line":15,"column":null}},"9":{"start":{"line":3,"column":0},"end":{"line":3,"column":13}}},"fnMap":{"0":{"name":"(anonymous_2)","decl":{"start":{"line":18,"column":4},"end":{"line":18,"column":16}},"loc":{"start":{"line":18,"column":67},"end":{"line":23,"column":5}}}},"branchMap":{},"s":{"0":0,"1":0,"2":0,"3":0,"4":0,"5":0,"6":0,"7":0,"8":0,"9":0},"f":{"0":0},"b":{}}
,"/Users/mabeloza/Wallets/WF_Custodial_Services/wallet_app/packages/backend/src/model/fireblocks/VaultAsset.ts": {"path":"/Users/mabeloza/Wallets/WF_Custodial_Services/wallet_app/packages/backend/src/model/fireblocks/VaultAsset.ts","statementMap":{"0":{"start":{"line":1,"column":0},"end":{"line":1,"column":46}},"1":{"start":{"line":12,"column":8},"end":{"line":12,"column":21}},"2":{"start":{"line":13,"column":8},"end":{"line":13,"column":27}},"3":{"start":{"line":6,"column":4},"end":{"line":6,"column":null}},"4":{"start":{"line":9,"column":4},"end":{"line":9,"column":null}},"5":{"start":{"line":3,"column":0},"end":{"line":3,"column":13}}},"fnMap":{"0":{"name":"(anonymous_2)","decl":{"start":{"line":11,"column":4},"end":{"line":11,"column":16}},"loc":{"start":{"line":11,"column":41},"end":{"line":14,"column":5}}}},"branchMap":{},"s":{"0":0,"1":0,"2":0,"3":0,"4":0,"5":0},"f":{"0":0},"b":{}}
,"/Users/mabeloza/Wallets/WF_Custodial_Services/wallet_app/packages/backend/src/model/fireblocks/VaultDescript.ts": {"path":"/Users/mabeloza/Wallets/WF_Custodial_Services/wallet_app/packages/backend/src/model/fireblocks/VaultDescript.ts","statementMap":{"0":{"start":{"line":1,"column":0},"end":{"line":1,"column":46}},"1":{"start":{"line":13,"column":8},"end":{"line":13,"column":29}},"2":{"start":{"line":14,"column":8},"end":{"line":14,"column":33}},"3":{"start":{"line":6,"column":4},"end":{"line":6,"column":null}},"4":{"start":{"line":9,"column":4},"end":{"line":9,"column":null}},"5":{"start":{"line":3,"column":0},"end":{"line":3,"column":13}}},"fnMap":{"0":{"name":"(anonymous_2)","decl":{"start":{"line":12,"column":4},"end":{"line":12,"column":16}},"loc":{"start":{"line":12,"column":32},"end":{"line":15,"column":5}}}},"branchMap":{},"s":{"0":0,"1":0,"2":0,"3":0,"4":0,"5":0},"f":{"0":0},"b":{}}
,"/Users/mabeloza/Wallets/WF_Custodial_Services/wallet_app/packages/backend/src/model/fireblocks/VaultWalletParams.ts": {"path":"/Users/mabeloza/Wallets/WF_Custodial_Services/wallet_app/packages/backend/src/model/fireblocks/VaultWalletParams.ts","statementMap":{"0":{"start":{"line":1,"column":0},"end":{"line":1,"column":46}},"1":{"start":{"line":12,"column":8},"end":{"line":12,"column":35}},"2":{"start":{"line":13,"column":8},"end":{"line":13,"column":27}},"3":{"start":{"line":6,"column":4},"end":{"line":6,"column":null}},"4":{"start":{"line":9,"column":4},"end":{"line":9,"column":null}},"5":{"start":{"line":3,"column":0},"end":{"line":3,"column":13}}},"fnMap":{"0":{"name":"(anonymous_2)","decl":{"start":{"line":11,"column":4},"end":{"line":11,"column":16}},"loc":{"start":{"line":11,"column":48},"end":{"line":14,"column":5}}}},"branchMap":{},"s":{"0":0,"1":0,"2":0,"3":0,"4":0,"5":0},"f":{"0":0},"b":{}}
,"/Users/mabeloza/Wallets/WF_Custodial_Services/wallet_app/packages/backend/src/services/accounts/bitgo/account.service.ts": {"path":"/Users/mabeloza/Wallets/WF_Custodial_Services/wallet_app/packages/backend/src/services/accounts/bitgo/account.service.ts","statementMap":{"0":{"start":{"line":1,"column":0},"end":{"line":1,"column":44}},"1":{"start":{"line":2,"column":0},"end":{"line":2,"column":42}},"2":{"start":{"line":3,"column":0},"end":{"line":3,"column":25}},"3":{"start":{"line":4,"column":0},"end":{"line":4,"column":60}},"4":{"start":{"line":7,"column":0},"end":{"line":49,"column":null}},"5":{"start":{"line":9,"column":33},"end":{"line":9,"column":46}},"6":{"start":{"line":13,"column":8},"end":{"line":28,"column":15}},"7":{"start":{"line":15,"column":16},"end":{"line":15,"column":null}},"8":{"start":{"line":16,"column":16},"end":{"line":16,"column":null}},"9":{"start":{"line":20,"column":26},"end":{"line":20,"column":35}},"10":{"start":{"line":21,"column":16},"end":{"line":27,"column":null}},"11":{"start":{"line":23,"column":36},"end":{"line":23,"column":50}},"12":{"start":{"line":24,"column":35},"end":{"line":24,"column":48}},"13":{"start":{"line":25,"column":24},"end":{"line":25,"column":54}},"14":{"start":{"line":26,"column":24},"end":{"line":26,"column":47}},"15":{"start":{"line":32,"column":8},"end":{"line":32,"column":null}},"16":{"start":{"line":36,"column":24},"end":{"line":36,"column":66}},"17":{"start":{"line":38,"column":8},"end":{"line":40,"column":10}},"18":{"start":{"line":39,"column":28},"end":{"line":39,"column":41}},"19":{"start":{"line":44,"column":8},"end":{"line":46,"column":11}},"20":{"start":{"line":45,"column":12},"end":{"line":45,"column":null}},"21":{"start":{"line":7,"column":13},"end":{"line":49,"column":null}},"22":{"start":{"line":7,"column":13},"end":{"line":7,"column":32}}},"fnMap":{"0":{"name":"(anonymous_2)","decl":{"start":{"line":9,"column":4},"end":{"line":9,"column":33}},"loc":{"start":{"line":9,"column":57},"end":{"line":9,"column":61}}},"1":{"name":"(anonymous_3)","decl":{"start":{"line":11,"column":4},"end":{"line":11,"column":9}},"loc":{"start":{"line":11,"column":44},"end":{"line":29,"column":5}}},"2":{"name":"(anonymous_4)","decl":{"start":{"line":14,"column":18},"end":{"line":14,"column":26}},"loc":{"start":{"line":14,"column":29},"end":{"line":17,"column":13}}},"3":{"name":"(anonymous_5)","decl":{"start":{"line":18,"column":19},"end":{"line":18,"column":24}},"loc":{"start":{"line":18,"column":27},"end":{"line":28,"column":13}}},"4":{"name":"(anonymous_6)","decl":{"start":{"line":22,"column":26},"end":{"line":22,"column":34}},"loc":{"start":{"line":22,"column":37},"end":{"line":27,"column":21}}},"5":{"name":"(anonymous_7)","decl":{"start":{"line":31,"column":4},"end":{"line":31,"column":10}},"loc":{"start":{"line":31,"column":10},"end":{"line":33,"column":5}}},"6":{"name":"(anonymous_8)","decl":{"start":{"line":35,"column":4},"end":{"line":35,"column":16}},"loc":{"start":{"line":35,"column":16},"end":{"line":41,"column":5}}},"7":{"name":"(anonymous_9)","decl":{"start":{"line":39,"column":16},"end":{"line":39,"column":24}},"loc":{"start":{"line":39,"column":28},"end":{"line":39,"column":41}}},"8":{"name":"(anonymous_10)","decl":{"start":{"line":43,"column":4},"end":{"line":43,"column":17}},"loc":{"start":{"line":43,"column":17},"end":{"line":47,"column":5}}},"9":{"name":"(anonymous_11)","decl":{"start":{"line":44,"column":48},"end":{"line":44,"column":58}},"loc":{"start":{"line":44,"column":72},"end":{"line":46,"column":9}}}},"branchMap":{},"s":{"0":0,"1":0,"2":0,"3":0,"4":0,"5":0,"6":0,"7":0,"8":0,"9":0,"10":0,"11":0,"12":0,"13":0,"14":0,"15":0,"16":0,"17":0,"18":0,"19":0,"20":0,"21":0,"22":0},"f":{"0":0,"1":0,"2":0,"3":0,"4":0,"5":0,"6":0,"7":0,"8":0,"9":0},"b":{}}
,"/Users/mabeloza/Wallets/WF_Custodial_Services/wallet_app/packages/backend/src/services/accounts/fireblocks/account.service.ts": {"path":"/Users/mabeloza/Wallets/WF_Custodial_Services/wallet_app/packages/backend/src/services/accounts/fireblocks/account.service.ts","statementMap":{"0":{"start":{"line":1,"column":0},"end":{"line":1,"column":42}},"1":{"start":{"line":2,"column":0},"end":{"line":2,"column":42}},"2":{"start":{"line":8,"column":0},"end":{"line":8,"column":58}},"3":{"start":{"line":11,"column":0},"end":{"line":23,"column":null}},"4":{"start":{"line":13,"column":33},"end":{"line":13,"column":46}},"5":{"start":{"line":17,"column":8},"end":{"line":17,"column":39}},"6":{"start":{"line":21,"column":8},"end":{"line":21,"column":49}},"7":{"start":{"line":11,"column":13},"end":{"line":23,"column":null}},"8":{"start":{"line":11,"column":13},"end":{"line":11,"column":37}}},"fnMap":{"0":{"name":"(anonymous_2)","decl":{"start":{"line":13,"column":4},"end":{"line":13,"column":33}},"loc":{"start":{"line":13,"column":57},"end":{"line":14,"column":5}}},"1":{"name":"(anonymous_3)","decl":{"start":{"line":16,"column":4},"end":{"line":16,"column":9}},"loc":{"start":{"line":16,"column":18},"end":{"line":18,"column":5}}},"2":{"name":"(anonymous_4)","decl":{"start":{"line":20,"column":4},"end":{"line":20,"column":9}},"loc":{"start":{"line":20,"column":28},"end":{"line":22,"column":5}}}},"branchMap":{},"s":{"0":0,"1":0,"2":0,"3":0,"4":0,"5":0,"6":0,"7":0,"8":0},"f":{"0":0,"1":0,"2":0},"b":{}}
,"/Users/mabeloza/Wallets/WF_Custodial_Services/wallet_app/packages/backend/src/services/config/bitgo.config.ts": {"path":"/Users/mabeloza/Wallets/WF_Custodial_Services/wallet_app/packages/backend/src/services/config/bitgo.config.ts","statementMap":{"0":{"start":{"line":1,"column":0},"end":{"line":1,"column":28}},"1":{"start":{"line":5,"column":18},"end":{"line":5,"column":44}},"2":{"start":{"line":6,"column":24},"end":{"line":6,"column":54}},"3":{"start":{"line":7,"column":4},"end":{"line":7,"column":55}},"4":{"start":{"line":9,"column":4},"end":{"line":9,"column":17}},"5":{"start":{"line":4,"column":0},"end":{"line":4,"column":16}},"6":{"start":{"line":13,"column":18},"end":{"line":13,"column":44}},"7":{"start":{"line":14,"column":24},"end":{"line":14,"column":54}},"8":{"start":{"line":15,"column":4},"end":{"line":15,"column":55}},"9":{"start":{"line":17,"column":4},"end":{"line":17,"column":28}},"10":{"start":{"line":12,"column":0},"end":{"line":12,"column":16}},"11":{"start":{"line":21,"column":4},"end":{"line":27,"column":null}},"12":{"start":{"line":20,"column":0},"end":{"line":20,"column":16}}},"fnMap":{"0":{"name":"bitgo","decl":{"start":{"line":4,"column":16},"end":{"line":4,"column":21}},"loc":{"start":{"line":4,"column":21},"end":{"line":10,"column":1}}},"1":{"name":"bitgoCoin","decl":{"start":{"line":12,"column":16},"end":{"line":12,"column":25}},"loc":{"start":{"line":12,"column":30},"end":{"line":18,"column":1}}},"2":{"name":"getOptions","decl":{"start":{"line":20,"column":16},"end":{"line":20,"column":26}},"loc":{"start":{"line":20,"column":43},"end":{"line":28,"column":1}}}},"branchMap":{},"s":{"0":1,"1":0,"2":0,"3":0,"4":0,"5":1,"6":0,"7":0,"8":0,"9":0,"10":1,"11":0,"12":1},"f":{"0":0,"1":0,"2":0},"b":{}}
,"/Users/mabeloza/Wallets/WF_Custodial_Services/wallet_app/packages/backend/src/services/config/fireblocks.config.ts": {"path":"/Users/mabeloza/Wallets/WF_Custodial_Services/wallet_app/packages/backend/src/services/config/fireblocks.config.ts","statementMap":{"0":{"start":{"line":1,"column":0},"end":{"line":1,"column":26}},"1":{"start":{"line":2,"column":0},"end":{"line":2,"column":45}},"2":{"start":{"line":3,"column":0},"end":{"line":3,"column":25}},"3":{"start":{"line":6,"column":22},"end":{"line":6,"column":103}},"4":{"start":{"line":7,"column":4},"end":{"line":7,"column":77}},"5":{"start":{"line":5,"column":0},"end":{"line":5,"column":16}}},"fnMap":{"0":{"name":"fireblocks","decl":{"start":{"line":5,"column":16},"end":{"line":5,"column":26}},"loc":{"start":{"line":5,"column":26},"end":{"line":8,"column":1}}}},"branchMap":{},"s":{"0":0,"1":0,"2":0,"3":0,"4":0,"5":0},"f":{"0":0},"b":{}}
,"/Users/mabeloza/Wallets/WF_Custodial_Services/wallet_app/packages/backend/src/services/transactions/bitgo/txn.service.ts": {"path":"/Users/mabeloza/Wallets/WF_Custodial_Services/wallet_app/packages/backend/src/services/transactions/bitgo/txn.service.ts","statementMap":{"0":{"start":{"line":1,"column":0},"end":{"line":1,"column":44}},"1":{"start":{"line":2,"column":0},"end":{"line":2,"column":42}},"2":{"start":{"line":3,"column":0},"end":{"line":3,"column":25}},"3":{"start":{"line":5,"column":0},"end":{"line":5,"column":71}},"4":{"start":{"line":8,"column":0},"end":{"line":95,"column":null}},"5":{"start":{"line":10,"column":33},"end":{"line":10,"column":46}},"6":{"start":{"line":13,"column":24},"end":{"line":13,"column":95}},"7":{"start":{"line":15,"column":8},"end":{"line":17,"column":10}},"8":{"start":{"line":16,"column":28},"end":{"line":16,"column":41}},"9":{"start":{"line":22,"column":31},"end":{"line":22,"column":80}},"10":{"start":{"line":24,"column":8},"end":{"line":24,"column":46}},"11":{"start":{"line":29,"column":31},"end":{"line":29,"column":80}},"12":{"start":{"line":31,"column":8},"end":{"line":31,"column":55}},"13":{"start":{"line":36,"column":31},"end":{"line":36,"column":80}},"14":{"start":{"line":38,"column":8},"end":{"line":38,"column":55}},"15":{"start":{"line":43,"column":8},"end":{"line":43,"column":null}},"16":{"start":{"line":44,"column":8},"end":{"line":46,"column":11}},"17":{"start":{"line":45,"column":12},"end":{"line":45,"column":null}},"18":{"start":{"line":51,"column":31},"end":{"line":51,"column":82}},"19":{"start":{"line":53,"column":8},"end":{"line":53,"column":42}},"20":{"start":{"line":58,"column":8},"end":{"line":58,"column":29}},"21":{"start":{"line":60,"column":8},"end":{"line":60,"column":null}},"22":{"start":{"line":61,"column":8},"end":{"line":61,"column":25}},"23":{"start":{"line":63,"column":31},"end":{"line":63,"column":90}},"24":{"start":{"line":65,"column":25},"end":{"line":69,"column":10}},"25":{"start":{"line":71,"column":23},"end":{"line":71,"column":41}},"26":{"start":{"line":73,"column":8},"end":{"line":91,"column":null}},"27":{"start":{"line":74,"column":12},"end":{"line":74,"column":null}},"28":{"start":{"line":75,"column":15},"end":{"line":91,"column":null}},"29":{"start":{"line":76,"column":12},"end":{"line":76,"column":null}},"30":{"start":{"line":77,"column":15},"end":{"line":91,"column":null}},"31":{"start":{"line":78,"column":12},"end":{"line":78,"column":null}},"32":{"start":{"line":80,"column":12},"end":{"line":90,"column":null}},"33":{"start":{"line":82,"column":20},"end":{"line":82,"column":42}},"34":{"start":{"line":83,"column":20},"end":{"line":83,"column":36}},"35":{"start":{"line":87,"column":20},"end":{"line":87,"column":null}},"36":{"start":{"line":89,"column":20},"end":{"line":89,"column":null}},"37":{"start":{"line":8,"column":13},"end":{"line":95,"column":null}},"38":{"start":{"line":8,"column":13},"end":{"line":8,"column":28}}},"fnMap":{"0":{"name":"(anonymous_2)","decl":{"start":{"line":10,"column":4},"end":{"line":10,"column":33}},"loc":{"start":{"line":10,"column":57},"end":{"line":10,"column":61}}},"1":{"name":"(anonymous_3)","decl":{"start":{"line":12,"column":4},"end":{"line":12,"column":17}},"loc":{"start":{"line":12,"column":46},"end":{"line":18,"column":5}}},"2":{"name":"(anonymous_4)","decl":{"start":{"line":16,"column":16},"end":{"line":16,"column":24}},"loc":{"start":{"line":16,"column":28},"end":{"line":16,"column":41}}},"3":{"name":"(anonymous_5)","decl":{"start":{"line":20,"column":4},"end":{"line":20,"column":9}},"loc":{"start":{"line":20,"column":55},"end":{"line":25,"column":5}}},"4":{"name":"(anonymous_6)","decl":{"start":{"line":27,"column":4},"end":{"line":27,"column":9}},"loc":{"start":{"line":27,"column":58},"end":{"line":32,"column":5}}},"5":{"name":"(anonymous_7)","decl":{"start":{"line":34,"column":4},"end":{"line":34,"column":9}},"loc":{"start":{"line":34,"column":58},"end":{"line":39,"column":5}}},"6":{"name":"(anonymous_8)","decl":{"start":{"line":41,"column":4},"end":{"line":41,"column":17}},"loc":{"start":{"line":41,"column":17},"end":{"line":47,"column":5}}},"7":{"name":"(anonymous_9)","decl":{"start":{"line":44,"column":48},"end":{"line":44,"column":58}},"loc":{"start":{"line":44,"column":72},"end":{"line":46,"column":9}}},"8":{"name":"(anonymous_10)","decl":{"start":{"line":49,"column":4},"end":{"line":49,"column":9}},"loc":{"start":{"line":49,"column":56},"end":{"line":54,"column":5}}},"9":{"name":"(anonymous_11)","decl":{"start":{"line":57,"column":4},"end":{"line":57,"column":9}},"loc":{"start":{"line":57,"column":26},"end":{"line":93,"column":5}}},"10":{"name":"(anonymous_12)","decl":{"start":{"line":81,"column":22},"end":{"line":81,"column":23}},"loc":{"start":{"line":81,"column":35},"end":{"line":85,"column":17}}},"11":{"name":"(anonymous_13)","decl":{"start":{"line":86,"column":23},"end":{"line":86,"column":24}},"loc":{"start":{"line":86,"column":33},"end":{"line":90,"column":17}}}},"branchMap":{"0":{"loc":{"start":{"line":73,"column":8},"end":{"line":91,"column":null}},"type":"if","locations":[{"start":{"line":73,"column":8},"end":{"line":91,"column":null}},{"start":{"line":75,"column":15},"end":{"line":91,"column":null}}]},"1":{"loc":{"start":{"line":75,"column":15},"end":{"line":91,"column":null}},"type":"if","locations":[{"start":{"line":75,"column":15},"end":{"line":91,"column":null}},{"start":{"line":77,"column":15},"end":{"line":91,"column":null}}]},"2":{"loc":{"start":{"line":77,"column":15},"end":{"line":91,"column":null}},"type":"if","locations":[{"start":{"line":77,"column":15},"end":{"line":91,"column":null}},{"start":{"line":79,"column":15},"end":{"line":91,"column":null}}]}},"s":{"0":0,"1":0,"2":0,"3":0,"4":0,"5":0,"6":0,"7":0,"8":0,"9":0,"10":0,"11":0,"12":0,"13":0,"14":0,"15":0,"16":0,"17":0,"18":0,"19":0,"20":0,"21":0,"22":0,"23":0,"24":0,"25":0,"26":0,"27":0,"28":0,"29":0,"30":0,"31":0,"32":0,"33":0,"34":0,"35":0,"36":0,"37":0,"38":0},"f":{"0":0,"1":0,"2":0,"3":0,"4":0,"5":0,"6":0,"7":0,"8":0,"9":0,"10":0,"11":0},"b":{"0":[0,0],"1":[0,0],"2":[0,0]}}
,"/Users/mabeloza/Wallets/WF_Custodial_Services/wallet_app/packages/backend/src/services/transactions/fireblocks/txn.service.ts": {"path":"/Users/mabeloza/Wallets/WF_Custodial_Services/wallet_app/packages/backend/src/services/transactions/fireblocks/txn.service.ts","statementMap":{"0":{"start":{"line":1,"column":0},"end":{"line":1,"column":42}},"1":{"start":{"line":2,"column":0},"end":{"line":2,"column":42}},"2":{"start":{"line":3,"column":0},"end":{"line":3,"column":117}},"3":{"start":{"line":7,"column":0},"end":{"line":7,"column":58}},"4":{"start":{"line":10,"column":0},"end":{"line":126,"column":null}},"5":{"start":{"line":12,"column":33},"end":{"line":12,"column":46}},"6":{"start":{"line":16,"column":8},"end":{"line":16,"column":59}},"7":{"start":{"line":20,"column":8},"end":{"line":20,"column":49}},"8":{"start":{"line":24,"column":8},"end":{"line":24,"column":64}},"9":{"start":{"line":28,"column":8},"end":{"line":28,"column":54}},"10":{"start":{"line":32,"column":8},"end":{"line":32,"column":44}},"11":{"start":{"line":33,"column":22},"end":{"line":47,"column":14}},"12":{"start":{"line":45,"column":16},"end":{"line":45,"column":33}},"13":{"start":{"line":46,"column":16},"end":{"line":46,"column":27}},"14":{"start":{"line":49,"column":8},"end":{"line":49,"column":26}},"15":{"start":{"line":51,"column":8},"end":{"line":51,"column":20}},"16":{"start":{"line":56,"column":8},"end":{"line":56,"column":49}},"17":{"start":{"line":60,"column":8},"end":{"line":60,"column":60}},"18":{"start":{"line":64,"column":8},"end":{"line":64,"column":53}},"19":{"start":{"line":68,"column":8},"end":{"line":68,"column":null}},"20":{"start":{"line":69,"column":8},"end":{"line":69,"column":25}},"21":{"start":{"line":70,"column":46},"end":{"line":83,"column":10}},"22":{"start":{"line":85,"column":8},"end":{"line":85,"column":29}},"23":{"start":{"line":87,"column":8},"end":{"line":96,"column":15}},"24":{"start":{"line":88,"column":25},"end":{"line":88,"column":31}},"25":{"start":{"line":90,"column":16},"end":{"line":90,"column":33}},"26":{"start":{"line":91,"column":16},"end":{"line":91,"column":27}},"27":{"start":{"line":94,"column":16},"end":{"line":94,"column":33}},"28":{"start":{"line":95,"column":16},"end":{"line":95,"column":27}},"29":{"start":{"line":100,"column":8},"end":{"line":100,"column":null}},"30":{"start":{"line":101,"column":8},"end":{"line":101,"column":25}},"31":{"start":{"line":102,"column":46},"end":{"line":115,"column":10}},"32":{"start":{"line":117,"column":8},"end":{"line":117,"column":29}},"33":{"start":{"line":119,"column":8},"end":{"line":124,"column":null}},"34":{"start":{"line":120,"column":12},"end":{"line":120,"column":29}},"35":{"start":{"line":122,"column":12},"end":{"line":122,"column":29}},"36":{"start":{"line":123,"column":12},"end":{"line":123,"column":23}},"37":{"start":{"line":10,"column":13},"end":{"line":126,"column":null}},"38":{"start":{"line":10,"column":13},"end":{"line":10,"column":33}}},"fnMap":{"0":{"name":"(anonymous_2)","decl":{"start":{"line":12,"column":4},"end":{"line":12,"column":33}},"loc":{"start":{"line":12,"column":57},"end":{"line":12,"column":61}}},"1":{"name":"(anonymous_3)","decl":{"start":{"line":15,"column":4},"end":{"line":15,"column":9}},"loc":{"start":{"line":15,"column":38},"end":{"line":17,"column":5}}},"2":{"name":"(anonymous_4)","decl":{"start":{"line":19,"column":4},"end":{"line":19,"column":9}},"loc":{"start":{"line":19,"column":28},"end":{"line":21,"column":5}}},"3":{"name":"(anonymous_5)","decl":{"start":{"line":23,"column":4},"end":{"line":23,"column":9}},"loc":{"start":{"line":23,"column":42},"end":{"line":25,"column":5}}},"4":{"name":"(anonymous_6)","decl":{"start":{"line":27,"column":4},"end":{"line":27,"column":9}},"loc":{"start":{"line":27,"column":34},"end":{"line":29,"column":5}}},"5":{"name":"(anonymous_7)","decl":{"start":{"line":31,"column":4},"end":{"line":31,"column":9}},"loc":{"start":{"line":31,"column":58},"end":{"line":53,"column":5}}},"6":{"name":"(anonymous_8)","decl":{"start":{"line":44,"column":19},"end":{"line":44,"column":22}},"loc":{"start":{"line":44,"column":25},"end":{"line":47,"column":13}}},"7":{"name":"(anonymous_9)","decl":{"start":{"line":55,"column":4},"end":{"line":55,"column":9}},"loc":{"start":{"line":55,"column":28},"end":{"line":57,"column":5}}},"8":{"name":"(anonymous_10)","decl":{"start":{"line":59,"column":4},"end":{"line":59,"column":9}},"loc":{"start":{"line":59,"column":46},"end":{"line":61,"column":5}}},"9":{"name":"(anonymous_11)","decl":{"start":{"line":63,"column":4},"end":{"line":63,"column":9}},"loc":{"start":{"line":63,"column":37},"end":{"line":65,"column":5}}},"10":{"name":"(anonymous_12)","decl":{"start":{"line":67,"column":4},"end":{"line":67,"column":9}},"loc":{"start":{"line":67,"column":40},"end":{"line":97,"column":5}}},"11":{"name":"(anonymous_13)","decl":{"start":{"line":88,"column":18},"end":{"line":88,"column":21}},"loc":{"start":{"line":88,"column":25},"end":{"line":88,"column":31}}},"12":{"name":"(anonymous_14)","decl":{"start":{"line":89,"column":18},"end":{"line":89,"column":21}},"loc":{"start":{"line":89,"column":24},"end":{"line":92,"column":13}}},"13":{"name":"(anonymous_15)","decl":{"start":{"line":93,"column":19},"end":{"line":93,"column":22}},"loc":{"start":{"line":93,"column":25},"end":{"line":96,"column":13}}},"14":{"name":"(anonymous_16)","decl":{"start":{"line":99,"column":4},"end":{"line":99,"column":9}},"loc":{"start":{"line":99,"column":44},"end":{"line":125,"column":5}}},"15":{"name":"(anonymous_17)","decl":{"start":{"line":119,"column":60},"end":{"line":119,"column":63}},"loc":{"start":{"line":119,"column":66},"end":{"line":121,"column":9}}},"16":{"name":"(anonymous_18)","decl":{"start":{"line":121,"column":17},"end":{"line":121,"column":20}},"loc":{"start":{"line":121,"column":23},"end":{"line":124,"column":9}}}},"branchMap":{},"s":{"0":0,"1":0,"2":0,"3":0,"4":0,"5":0,"6":0,"7":0,"8":0,"9":0,"10":0,"11":0,"12":0,"13":0,"14":0,"15":0,"16":0,"17":0,"18":0,"19":0,"20":0,"21":0,"22":0,"23":0,"24":0,"25":0,"26":0,"27":0,"28":0,"29":0,"30":0,"31":0,"32":0,"33":0,"34":0,"35":0,"36":0,"37":0,"38":0},"f":{"0":0,"1":0,"2":0,"3":0,"4":0,"5":0,"6":0,"7":0,"8":0,"9":0,"10":0,"11":0,"12":0,"13":0,"14":0,"15":0,"16":0},"b":{}}
,"/Users/mabeloza/Wallets/WF_Custodial_Services/wallet_app/packages/backend/src/services/wallets/bitgo/wallet.service.ts": {"path":"/Users/mabeloza/Wallets/WF_Custodial_Services/wallet_app/packages/backend/src/services/wallets/bitgo/wallet.service.ts","statementMap":{"0":{"start":{"line":1,"column":0},"end":{"line":1,"column":44}},"1":{"start":{"line":2,"column":0},"end":{"line":2,"column":42}},"2":{"start":{"line":3,"column":0},"end":{"line":3,"column":25}},"3":{"start":{"line":6,"column":0},"end":{"line":6,"column":25}},"4":{"start":{"line":7,"column":0},"end":{"line":7,"column":51}},"5":{"start":{"line":8,"column":0},"end":{"line":8,"column":51}},"6":{"start":{"line":10,"column":0},"end":{"line":10,"column":71}},"7":{"start":{"line":14,"column":4},"end":{"line":18,"column":6}},"8":{"start":{"line":22,"column":0},"end":{"line":116,"column":null}},"9":{"start":{"line":24,"column":33},"end":{"line":24,"column":46}},"10":{"start":{"line":27,"column":24},"end":{"line":27,"column":81}},"11":{"start":{"line":29,"column":8},"end":{"line":31,"column":10}},"12":{"start":{"line":30,"column":28},"end":{"line":30,"column":41}},"13":{"start":{"line":36,"column":22},"end":{"line":36,"column":41}},"14":{"start":{"line":37,"column":27},"end":{"line":37,"column":51}},"15":{"start":{"line":39,"column":30},"end":{"line":42,"column":10}},"16":{"start":{"line":44,"column":8},"end":{"line":44,"column":35}},"17":{"start":{"line":46,"column":23},"end":{"line":46,"column":84}},"18":{"start":{"line":48,"column":31},"end":{"line":48,"column":44}},"19":{"start":{"line":50,"column":24},"end":{"line":50,"column":166}},"20":{"start":{"line":52,"column":8},"end":{"line":52,"column":31}},"21":{"start":{"line":54,"column":8},"end":{"line":54,"column":25}},"22":{"start":{"line":60,"column":26},"end":{"line":60,"column":62}},"23":{"start":{"line":62,"column":8},"end":{"line":62,"column":38}},"24":{"start":{"line":63,"column":8},"end":{"line":63,"column":120}},"25":{"start":{"line":66,"column":8},"end":{"line":66,"column":98}},"26":{"start":{"line":68,"column":8},"end":{"line":68,"column":59}},"27":{"start":{"line":72,"column":24},"end":{"line":72,"column":81}},"28":{"start":{"line":74,"column":8},"end":{"line":74,"column":null}},"29":{"start":{"line":76,"column":25},"end":{"line":81,"column":14}},"30":{"start":{"line":78,"column":16},"end":{"line":78,"column":null}},"31":{"start":{"line":80,"column":16},"end":{"line":80,"column":null}},"32":{"start":{"line":83,"column":8},"end":{"line":83,"column":null}},"33":{"start":{"line":84,"column":8},"end":{"line":84,"column":24}},"34":{"start":{"line":89,"column":24},"end":{"line":89,"column":96}},"35":{"start":{"line":91,"column":8},"end":{"line":93,"column":10}},"36":{"start":{"line":92,"column":28},"end":{"line":92,"column":41}},"37":{"start":{"line":99,"column":31},"end":{"line":99,"column":82}},"38":{"start":{"line":101,"column":8},"end":{"line":101,"column":42}},"39":{"start":{"line":106,"column":31},"end":{"line":106,"column":106}},"40":{"start":{"line":108,"column":8},"end":{"line":112,"column":48}},"41":{"start":{"line":112,"column":28},"end":{"line":112,"column":46}},"42":{"start":{"line":22,"column":13},"end":{"line":116,"column":null}},"43":{"start":{"line":22,"column":13},"end":{"line":22,"column":31}}},"fnMap":{"0":{"name":"getConfig","decl":{"start":{"line":13,"column":9},"end":{"line":13,"column":18}},"loc":{"start":{"line":13,"column":18},"end":{"line":19,"column":1}}},"1":{"name":"(anonymous_3)","decl":{"start":{"line":24,"column":4},"end":{"line":24,"column":33}},"loc":{"start":{"line":24,"column":57},"end":{"line":24,"column":61}}},"2":{"name":"(anonymous_4)","decl":{"start":{"line":26,"column":4},"end":{"line":26,"column":17}},"loc":{"start":{"line":26,"column":30},"end":{"line":32,"column":5}}},"3":{"name":"(anonymous_5)","decl":{"start":{"line":30,"column":16},"end":{"line":30,"column":24}},"loc":{"start":{"line":30,"column":28},"end":{"line":30,"column":41}}},"4":{"name":"(anonymous_6)","decl":{"start":{"line":34,"column":4},"end":{"line":34,"column":9}},"loc":{"start":{"line":34,"column":64},"end":{"line":55,"column":5}}},"5":{"name":"(anonymous_7)","decl":{"start":{"line":57,"column":4},"end":{"line":57,"column":19}},"loc":{"start":{"line":57,"column":24},"end":{"line":69,"column":5}}},"6":{"name":"(anonymous_8)","decl":{"start":{"line":71,"column":4},"end":{"line":71,"column":9}},"loc":{"start":{"line":71,"column":51},"end":{"line":86,"column":5}}},"7":{"name":"(anonymous_9)","decl":{"start":{"line":77,"column":18},"end":{"line":77,"column":19}},"loc":{"start":{"line":77,"column":27},"end":{"line":79,"column":13}}},"8":{"name":"(anonymous_10)","decl":{"start":{"line":79,"column":21},"end":{"line":79,"column":22}},"loc":{"start":{"line":79,"column":31},"end":{"line":81,"column":13}}},"9":{"name":"(anonymous_11)","decl":{"start":{"line":88,"column":4},"end":{"line":88,"column":18}},"loc":{"start":{"line":88,"column":47},"end":{"line":94,"column":5}}},"10":{"name":"(anonymous_12)","decl":{"start":{"line":92,"column":16},"end":{"line":92,"column":24}},"loc":{"start":{"line":92,"column":28},"end":{"line":92,"column":41}}},"11":{"name":"(anonymous_13)","decl":{"start":{"line":97,"column":4},"end":{"line":97,"column":9}},"loc":{"start":{"line":97,"column":56},"end":{"line":102,"column":5}}},"12":{"name":"(anonymous_14)","decl":{"start":{"line":104,"column":4},"end":{"line":104,"column":9}},"loc":{"start":{"line":104,"column":46},"end":{"line":113,"column":5}}},"13":{"name":"(anonymous_15)","decl":{"start":{"line":112,"column":17},"end":{"line":112,"column":18}},"loc":{"start":{"line":112,"column":28},"end":{"line":112,"column":46}}}},"branchMap":{},"s":{"0":1,"1":1,"2":1,"3":1,"4":1,"5":1,"6":1,"7":0,"8":1,"9":1,"10":0,"11":0,"12":0,"13":0,"14":0,"15":0,"16":0,"17":0,"18":0,"19":0,"20":0,"21":0,"22":0,"23":0,"24":0,"25":0,"26":0,"27":0,"28":0,"29":0,"30":0,"31":0,"32":0,"33":0,"34":0,"35":0,"36":0,"37":0,"38":0,"39":0,"40":0,"41":0,"42":1,"43":1},"f":{"0":0,"1":1,"2":0,"3":0,"4":0,"5":0,"6":0,"7":0,"8":0,"9":0,"10":0,"11":0,"12":0,"13":0},"b":{}}
,"/Users/mabeloza/Wallets/WF_Custodial_Services/wallet_app/packages/backend/src/services/wallets/fireblocks/wallet.service.ts": {"path":"/Users/mabeloza/Wallets/WF_Custodial_Services/wallet_app/packages/backend/src/services/wallets/fireblocks/wallet.service.ts","statementMap":{"0":{"start":{"line":1,"column":0},"end":{"line":1,"column":42}},"1":{"start":{"line":2,"column":0},"end":{"line":2,"column":42}},"2":{"start":{"line":4,"column":0},"end":{"line":4,"column":62}},"3":{"start":{"line":5,"column":0},"end":{"line":5,"column":58}},"4":{"start":{"line":9,"column":0},"end":{"line":86,"column":null}},"5":{"start":{"line":11,"column":33},"end":{"line":11,"column":46}},"6":{"start":{"line":14,"column":8},"end":{"line":14,"column":49}},"7":{"start":{"line":18,"column":8},"end":{"line":18,"column":49}},"8":{"start":{"line":19,"column":8},"end":{"line":19,"column":49}},"9":{"start":{"line":23,"column":24},"end":{"line":23,"column":70}},"10":{"start":{"line":24,"column":8},"end":{"line":24,"column":28}},"11":{"start":{"line":25,"column":8},"end":{"line":25,"column":22}},"12":{"start":{"line":29,"column":8},"end":{"line":29,"column":40}},"13":{"start":{"line":31,"column":8},"end":{"line":39,"column":15}},"14":{"start":{"line":33,"column":16},"end":{"line":33,"column":42}},"15":{"start":{"line":34,"column":16},"end":{"line":34,"column":27}},"16":{"start":{"line":37,"column":16},"end":{"line":37,"column":33}},"17":{"start":{"line":38,"column":16},"end":{"line":38,"column":27}},"18":{"start":{"line":43,"column":8},"end":{"line":43,"column":49}},"19":{"start":{"line":47,"column":22},"end":{"line":47,"column":92}},"20":{"start":{"line":48,"column":8},"end":{"line":48,"column":24}},"21":{"start":{"line":52,"column":8},"end":{"line":52,"column":52}},"22":{"start":{"line":56,"column":31},"end":{"line":56,"column":77}},"23":{"start":{"line":58,"column":8},"end":{"line":58,"column":44}},"24":{"start":{"line":59,"column":8},"end":{"line":59,"column":80}},"25":{"start":{"line":63,"column":8},"end":{"line":63,"column":60}},"26":{"start":{"line":67,"column":8},"end":{"line":67,"column":58}},"27":{"start":{"line":71,"column":8},"end":{"line":71,"column":86}},"28":{"start":{"line":75,"column":8},"end":{"line":75,"column":53}},"29":{"start":{"line":79,"column":8},"end":{"line":79,"column":73}},"30":{"start":{"line":83,"column":8},"end":{"line":83,"column":73}},"31":{"start":{"line":9,"column":13},"end":{"line":86,"column":null}},"32":{"start":{"line":9,"column":13},"end":{"line":9,"column":36}}},"fnMap":{"0":{"name":"(anonymous_2)","decl":{"start":{"line":11,"column":4},"end":{"line":11,"column":33}},"loc":{"start":{"line":11,"column":57},"end":{"line":11,"column":61}}},"1":{"name":"(anonymous_3)","decl":{"start":{"line":13,"column":4},"end":{"line":13,"column":9}},"loc":{"start":{"line":13,"column":31},"end":{"line":15,"column":5}}},"2":{"name":"(anonymous_4)","decl":{"start":{"line":17,"column":4},"end":{"line":17,"column":9}},"loc":{"start":{"line":17,"column":28},"end":{"line":20,"column":5}}},"3":{"name":"(anonymous_5)","decl":{"start":{"line":22,"column":4},"end":{"line":22,"column":9}},"loc":{"start":{"line":22,"column":58},"end":{"line":26,"column":5}}},"4":{"name":"(anonymous_6)","decl":{"start":{"line":28,"column":4},"end":{"line":28,"column":9}},"loc":{"start":{"line":28,"column":66},"end":{"line":40,"column":5}}},"5":{"name":"(anonymous_7)","decl":{"start":{"line":32,"column":18},"end":{"line":32,"column":21}},"loc":{"start":{"line":32,"column":24},"end":{"line":35,"column":13}}},"6":{"name":"(anonymous_8)","decl":{"start":{"line":36,"column":19},"end":{"line":36,"column":22}},"loc":{"start":{"line":36,"column":25},"end":{"line":39,"column":13}}},"7":{"name":"(anonymous_9)","decl":{"start":{"line":42,"column":4},"end":{"line":42,"column":9}},"loc":{"start":{"line":42,"column":28},"end":{"line":44,"column":5}}},"8":{"name":"(anonymous_10)","decl":{"start":{"line":46,"column":4},"end":{"line":46,"column":9}},"loc":{"start":{"line":46,"column":62},"end":{"line":49,"column":5}}},"9":{"name":"(anonymous_11)","decl":{"start":{"line":51,"column":4},"end":{"line":51,"column":9}},"loc":{"start":{"line":51,"column":40},"end":{"line":53,"column":5}}},"10":{"name":"(anonymous_12)","decl":{"start":{"line":55,"column":4},"end":{"line":55,"column":9}},"loc":{"start":{"line":55,"column":58},"end":{"line":60,"column":5}}},"11":{"name":"(anonymous_13)","decl":{"start":{"line":62,"column":4},"end":{"line":62,"column":9}},"loc":{"start":{"line":62,"column":46},"end":{"line":64,"column":5}}},"12":{"name":"(anonymous_14)","decl":{"start":{"line":66,"column":4},"end":{"line":66,"column":9}},"loc":{"start":{"line":66,"column":51},"end":{"line":68,"column":5}}},"13":{"name":"(anonymous_15)","decl":{"start":{"line":70,"column":4},"end":{"line":70,"column":9}},"loc":{"start":{"line":70,"column":102},"end":{"line":72,"column":5}}},"14":{"name":"(anonymous_16)","decl":{"start":{"line":74,"column":4},"end":{"line":74,"column":9}},"loc":{"start":{"line":74,"column":37},"end":{"line":76,"column":5}}},"15":{"name":"(anonymous_17)","decl":{"start":{"line":78,"column":4},"end":{"line":78,"column":9}},"loc":{"start":{"line":78,"column":69},"end":{"line":80,"column":5}}},"16":{"name":"(anonymous_18)","decl":{"start":{"line":82,"column":4},"end":{"line":82,"column":9}},"loc":{"start":{"line":82,"column":69},"end":{"line":84,"column":5}}}},"branchMap":{},"s":{"0":0,"1":0,"2":0,"3":0,"4":0,"5":0,"6":0,"7":0,"8":0,"9":0,"10":0,"11":0,"12":0,"13":0,"14":0,"15":0,"16":0,"17":0,"18":0,"19":0,"20":0,"21":0,"22":0,"23":0,"24":0,"25":0,"26":0,"27":0,"28":0,"29":0,"30":0,"31":0,"32":0},"f":{"0":0,"1":0,"2":0,"3":0,"4":0,"5":0,"6":0,"7":0,"8":0,"9":0,"10":0,"11":0,"12":0,"13":0,"14":0,"15":0,"16":0},"b":{}}
,"/Users/mabeloza/Wallets/WF_Custodial_Services/wallet_app/packages/backend/src/tests/accounts/bitgo/accounts.e2e-spec.ts": {"path":"/Users/mabeloza/Wallets/WF_Custodial_Services/wallet_app/packages/backend/src/tests/accounts/bitgo/accounts.e2e-spec.ts","statementMap":{"0":{"start":{"line":5,"column":0},"end":{"line":8,"column":null}}},"fnMap":{"0":{"name":"(anonymous_0)","decl":{"start":{"line":5,"column":21},"end":{"line":5,"column":24}},"loc":{"start":{"line":5,"column":26},"end":{"line":8,"column":1}}}},"branchMap":{},"s":{"0":0},"f":{"0":0},"b":{}}
}
